Arguments: 
  /usr/local/bin/node /usr/local/bin/yarn

PATH: 
  ~/Library/Android/sdk/tools:~/Library/Android/sdk/platform-tools:/usr/local/bin:/usr/bin:/bin:/usr/sbin:/sbin:~/Library/Android/sdk/tools:~/Library/Android/sdk/platform-tools

Yarn version: 
  0.27.5

Node version: 
  7.4.0

Platform: 
  darwin x64

npm manifest: 
  {
    "private": true,
    "entry": {
      "index": "./index.js"
    },
    "dependencies": {
      "antd": "^3.0.0",
      "moment": "^2.19.3",
      "react": "^16.2.0",
      "react-dom": "^16.2.0"
    },
    "devDependencies": {
      "atool-build": "^0.9.0",
      "atool-test-mocha": "^0.1.4",
      "babel-eslint": "^7.0.0",
      "babel-plugin-import": "^1.0.1",
      "babel-plugin-transform-runtime": "^6.8.0",
      "babel-runtime": "^6.9.2",
      "dora": "0.4.x",
      "dora-plugin-webpack": "^0.8.1",
      "eslint": "^3.8.1",
      "eslint-config-airbnb": "^12.0.0",
      "eslint-plugin-import": "^2.0.1",
      "eslint-plugin-jsx-a11y": "^2.2.3",
      "eslint-plugin-react": "^6.4.1",
      "expect": "^1.20.1",
      "pre-commit": "1.x",
      "redbox-react": "^1.2.6"
    },
    "pre-commit": [
      "lint"
    ],
    "scripts": {
      "build": "atool-build",
      "lint": "eslint --ext .js,.jsx src/",
      "start": "dora --plugins webpack",
      "test": "atool-test-mocha ./**/__tests__/*-test.js"
    }
  }

yarn manifest: 
  No manifest

Lockfile: 
  No lockfile

Trace: 
  Error: EEXIST: file already exists, mkdir '/Users/a123/Documents/draft-demo/node_modules/accepts'
